生成启动时间为 2014/4/11 20:54:06。
     1>项目“F:\编程实例\C语言\P&ZOJ\Parencodings\Parencodings\Parencodings.vcxproj”在节点 2 上(build 个目标)。
     1>InitializeBuildStatus:
         正在创建“Debug\Parencodings.unsuccessfulbuild”，因为已指定“AlwaysCreate”。
       ClCompile:
         E:\programming software\Microsoft Visual Studio 10.0\VC\bin\CL.exe /c /ZI /nologo /W3 /WX- /Od /Oy- /D _MBCS /Gm /EHsc /RTC1 /MDd /GS /fp:precise /Zc:wchar_t /Zc:forScope /Fo"Debug\\" /Fd"Debug\vc100.pdb" /Gd /TP /analyze- /errorReport:prompt main.cpp
         main.cpp
     1>f:\编程实例\c语言\p&zoj\parencodings\parencodings\main.cpp(14): warning C4996: 'scanf': This function or variable may be unsafe. Consider using scanf_s instead. To disable deprecation, use _CRT_SECURE_NO_WARNINGS. See online help for details.
                 e:\programming software\microsoft visual studio 10.0\vc\include\stdio.h(304) : 参见“scanf”的声明
     1>f:\编程实例\c语言\p&zoj\parencodings\parencodings\main.cpp(17): warning C4996: 'scanf': This function or variable may be unsafe. Consider using scanf_s instead. To disable deprecation, use _CRT_SECURE_NO_WARNINGS. See online help for details.
                 e:\programming software\microsoft visual studio 10.0\vc\include\stdio.h(304) : 参见“scanf”的声明
     1>f:\编程实例\c语言\p&zoj\parencodings\parencodings\main.cpp(20): warning C4996: 'scanf': This function or variable may be unsafe. Consider using scanf_s instead. To disable deprecation, use _CRT_SECURE_NO_WARNINGS. See online help for details.
                 e:\programming software\microsoft visual studio 10.0\vc\include\stdio.h(304) : 参见“scanf”的声明
     1>f:\编程实例\c语言\p&zoj\parencodings\parencodings\main.cpp(39): warning C4018: “<”: 有符号/无符号不匹配
     1>f:\编程实例\c语言\p&zoj\parencodings\parencodings\main.cpp(63): warning C4996: 'getch': The POSIX name for this item is deprecated. Instead, use the ISO C++ conformant name: _getch. See online help for details.
                 e:\programming software\microsoft visual studio 10.0\vc\include\conio.h(128) : 参见“getch”的声明
       Link:
         E:\programming software\Microsoft Visual Studio 10.0\VC\bin\link.exe /ERRORREPORT:PROMPT /OUT:"F:\编程实例\C语言\P&ZOJ\Parencodings\Debug\Parencodings.exe" /NOLOGO kernel32.lib user32.lib gdi32.lib winspool.lib comdlg32.lib advapi32.lib shell32.lib ole32.lib oleaut32.lib uuid.lib odbc32.lib odbccp32.lib /MANIFEST /ManifestFile:"Debug\Parencodings.exe.intermediate.manifest" /MANIFESTUAC:"level='asInvoker' uiAccess='false'" /DEBUG /PDB:"F:\编程实例\C语言\P&ZOJ\Parencodings\Debug\Parencodings.pdb" /TLBID:1 /DYNAMICBASE /NXCOMPAT /IMPLIB:"F:\编程实例\C语言\P&ZOJ\Parencodings\Debug\Parencodings.lib" /MACHINE:X86 Debug\main.obj
         LINK : 没有找到 F:\编程实例\C语言\P&ZOJ\Parencodings\Debug\Parencodings.exe 或上一个增量链接没有生成它；正在执行完全链接
         Parencodings.vcxproj -> F:\编程实例\C语言\P&ZOJ\Parencodings\Debug\Parencodings.exe
       Manifest:
         C:\Program Files\Microsoft SDKs\Windows\v7.0A\bin\mt.exe /nologo /verbose /outputresource:"F:\编程实例\C语言\P&ZOJ\Parencodings\Debug\Parencodings.exe;#1" /manifest Debug\Parencodings.exe.intermediate.manifest
       FinalizeBuildStatus:
         正在删除文件“Debug\Parencodings.unsuccessfulbuild”。
         正在对“Debug\Parencodings.lastbuildstate”执行 Touch 任务。
     1>已完成生成项目“F:\编程实例\C语言\P&ZOJ\Parencodings\Parencodings\Parencodings.vcxproj”(build 个目标)的操作。

生成成功。

已用时间 00:00:07.12
